-------------------------------------------------------------------------------
Test set: ElefantCucumber.RunCucumberTest
-------------------------------------------------------------------------------
Tests run: 1, Failures: 0, Errors: 1, Skipped: 0, Time elapsed: 9.646 sec <<< FAILURE!
Complete the loghin fields(authentication)  Time elapsed: 9.382 sec  <<< ERROR!
java.lang.NullPointerException
	at Utils.BaseTest.getValue(BaseTest.java:46)
	at ElefantCucumber.Stepdefs.i_fill_loghin_fields_on_the_form_and_submit(Stepdefs.java:59)
	at ?.I fill loghin fields on the form and submit(ElefantCucumber/login.feature:7)

